<?xml version="1.0" encoding="UTF-8"?>
<testsuite name="com.example.demo.domain.imagepost.ImagePostServiceImplTest" tests="1" skipped="0" failures="0" errors="0" timestamp="2022-11-22T13:04:44" hostname="DESKTOP-Q1P75LK" time="0.011">
  <properties/>
  <testcase name="updateById()" classname="com.example.demo.domain.imagepost.ImagePostServiceImplTest" time="0.011"/>
  <system-out><![CDATA[]]></system-out>
  <system-err><![CDATA[]]></system-err>
</testsuite>
